# JRE version: OpenJDK Runtime Environment Temurin-21.0.8+9 (21.0.8+9) (build 21.0.8+9-LTS)
# Java VM: OpenJDK 64-Bit Server VM Temurin-21.0.8+9 (21.0.8+9-LTS, mixed mode, sharing, tiered, compressed oops, compressed class ptrs, parallel gc, windows-amd64)
GC Precious Log:
 CardTable entry size: 512
 CPUs: 12 total, 12 available
 Memory: 7863M
 Large Page Support: Disabled
 NUMA Support: Disabled
 Compressed Oops: Enabled (32-bit)
 Alignments: Space 512K, Generation 512K, Heap 2M
 Heap Min Capacity: 100M
 Heap Initial Capacity: 100M
 Heap Max Capacity: 2G
 Pre-touch: Disabled
 Parallel Workers: 10
Heap:
 PSYoungGen      total 19456K, used 568K [0x00000000d5580000, 0x00000000d6a80000, 0x0000000100000000)
  eden space 18432K, 0% used [0x00000000d5580000,0x00000000d5580000,0x00000000d6780000)
  from space 1024K, 55% used [0x00000000d6880000,0x00000000d690e1a8,0x00000000d6980000)
  to   space 1024K, 0% used [0x00000000d6980000,0x00000000d6980000,0x00000000d6a80000)
 ParOldGen       total 68608K, used 44725K [0x0000000080000000, 0x0000000084300000, 0x00000000d5580000)
  object space 68608K, 65% used [0x0000000080000000,0x0000000082bad570,0x0000000084300000)
 Metaspace       used 58600K, committed 59776K, reserved 1114112K
  class space    used 6361K, committed 6848K, reserved 1048576K
GC Heap History (20 events):
Event: 13.849 GC heap after
{Heap after GC invocations=26 (full 2):
 PSYoungGen      total 20992K, used 2370K [0x00000000d5580000, 0x00000000d6c80000, 0x0000000100000000)
  eden space 18432K, 0% used [0x00000000d5580000,0x00000000d5580000,0x00000000d6780000)
  from space 2560K, 92% used [0x00000000d6a00000,0x00000000d6c50810,0x00000000d6c80000)
  to   space 2560K, 0% used [0x00000000d6780000,0x00000000d6780000,0x00000000d6a00000)
 ParOldGen       total 68608K, used 31539K [0x0000000080000000, 0x0000000084300000, 0x00000000d5580000)
  object space 68608K, 45% used [0x0000000080000000,0x0000000081eccc68,0x0000000084300000)
 Metaspace       used 52237K, committed 53440K, reserved 1114112K
  class space    used 5744K, committed 6208K, reserved 1048576K
}
Event: 13.890 GC heap before
{Heap before GC invocations=27 (full 2):
 PSYoungGen      total 20992K, used 20802K [0x00000000d5580000, 0x00000000d6c80000, 0x0000000100000000)
  eden space 18432K, 100% used [0x00000000d5580000,0x00000000d6780000,0x00000000d6780000)
  from space 2560K, 92% used [0x00000000d6a00000,0x00000000d6c50810,0x00000000d6c80000)
  to   space 2560K, 0% used [0x00000000d6780000,0x00000000d6780000,0x00000000d6a00000)
 ParOldGen       total 68608K, used 31539K [0x0000000080000000, 0x0000000084300000, 0x00000000d5580000)
  object space 68608K, 45% used [0x0000000080000000,0x0000000081eccc68,0x0000000084300000)
 Metaspace       used 52244K, committed 53440K, reserved 1114112K
  class space    used 5744K, committed 6208K, reserved 1048576K
}
Event: 13.893 GC heap after
{Heap after GC invocations=27 (full 2):
 PSYoungGen      total 20992K, used 2052K [0x00000000d5580000, 0x00000000d6c80000, 0x0000000100000000)
  eden space 18432K, 0% used [0x00000000d5580000,0x00000000d5580000,0x00000000d6780000)
  from space 2560K, 80% used [0x00000000d6780000,0x00000000d6981000,0x00000000d6a00000)
  to   space 2560K, 0% used [0x00000000d6a00000,0x00000000d6a00000,0x00000000d6c80000)
 ParOldGen       total 68608K, used 33731K [0x0000000080000000, 0x0000000084300000, 0x00000000d5580000)
  object space 68608K, 49% used [0x0000000080000000,0x00000000820f0c78,0x0000000084300000)
 Metaspace       used 52244K, committed 53440K, reserved 1114112K
  class space    used 5744K, committed 6208K, reserved 1048576K
}
Event: 13.949 GC heap before
{Heap before GC invocations=28 (full 2):
 PSYoungGen      total 20992K, used 20484K [0x00000000d5580000, 0x00000000d6c80000, 0x0000000100000000)
  eden space 18432K, 100% used [0x00000000d5580000,0x00000000d6780000,0x00000000d6780000)
  from space 2560K, 80% used [0x00000000d6780000,0x00000000d6981000,0x00000000d6a00000)
  to   space 2560K, 0% used [0x00000000d6a00000,0x00000000d6a00000,0x00000000d6c80000)
 ParOldGen       total 68608K, used 33731K [0x0000000080000000, 0x0000000084300000, 0x00000000d5580000)
  object space 68608K, 49% used [0x0000000080000000,0x00000000820f0c78,0x0000000084300000)
 Metaspace       used 52264K, committed 53504K, reserved 1114112K
  class space    used 5745K, committed 6272K, reserved 1048576K
}
Event: 13.951 GC heap after
{Heap after GC invocations=28 (full 2):
 PSYoungGen      total 20480K, used 1952K [0x00000000d5580000, 0x00000000d6c00000, 0x0000000100000000)
  eden space 18432K, 0% used [0x00000000d5580000,0x00000000d5580000,0x00000000d6780000)
  from space 2048K, 95% used [0x00000000d6a00000,0x00000000d6be8000,0x00000000d6c00000)
  to   space 2048K, 0% used [0x00000000d6800000,0x00000000d6800000,0x00000000d6a00000)
 ParOldGen       total 68608K, used 35616K [0x0000000080000000, 0x0000000084300000, 0x00000000d5580000)
  object space 68608K, 51% used [0x0000000080000000,0x00000000822c82a0,0x0000000084300000)
 Metaspace       used 52264K, committed 53504K, reserved 1114112K
  class space    used 5745K, committed 6272K, reserved 1048576K
}
Event: 14.009 GC heap before
{Heap before GC invocations=29 (full 2):
 PSYoungGen      total 20480K, used 20384K [0x00000000d5580000, 0x00000000d6c00000, 0x0000000100000000)
  eden space 18432K, 100% used [0x00000000d5580000,0x00000000d6780000,0x00000000d6780000)
  from space 2048K, 95% used [0x00000000d6a00000,0x00000000d6be8000,0x00000000d6c00000)
  to   space 2048K, 0% used [0x00000000d6800000,0x00000000d6800000,0x00000000d6a00000)
 ParOldGen       total 68608K, used 35616K [0x0000000080000000, 0x0000000084300000, 0x00000000d5580000)
  object space 68608K, 51% used [0x0000000080000000,0x00000000822c82a0,0x0000000084300000)
 Metaspace       used 52293K, committed 53504K, reserved 1114112K
  class space    used 5745K, committed 6272K, reserved 1048576K
}
Event: 14.013 GC heap after
{Heap after GC invocations=29 (full 2):
 PSYoungGen      total 20480K, used 2040K [0x00000000d5580000, 0x00000000d7080000, 0x0000000100000000)
  eden space 18432K, 0% used [0x00000000d5580000,0x00000000d5580000,0x00000000d6780000)
  from space 2048K, 99% used [0x00000000d6800000,0x00000000d69fe210,0x00000000d6a00000)
  to   space 4608K, 0% used [0x00000000d6c00000,0x00000000d6c00000,0x00000000d7080000)
 ParOldGen       total 68608K, used 37480K [0x0000000080000000, 0x0000000084300000, 0x00000000d5580000)
  object space 68608K, 54% used [0x0000000080000000,0x000000008249a2a0,0x0000000084300000)
 Metaspace       used 52293K, committed 53504K, reserved 1114112K
  class space    used 5745K, committed 6272K, reserved 1048576K
}
Event: 14.212 GC heap before
{Heap before GC invocations=30 (full 2):
 PSYoungGen      total 20480K, used 20472K [0x00000000d5580000, 0x00000000d7080000, 0x0000000100000000)
  eden space 18432K, 100% used [0x00000000d5580000,0x00000000d6780000,0x00000000d6780000)
  from space 2048K, 99% used [0x00000000d6800000,0x00000000d69fe210,0x00000000d6a00000)
  to   space 4608K, 0% used [0x00000000d6c00000,0x00000000d6c00000,0x00000000d7080000)
 ParOldGen       total 68608K, used 37480K [0x0000000080000000, 0x0000000084300000, 0x00000000d5580000)
  object space 68608K, 54% used [0x0000000080000000,0x000000008249a2a0,0x0000000084300000)
 Metaspace       used 53318K, committed 54528K, reserved 1114112K
  class space    used 5828K, committed 6336K, reserved 1048576K
}
Event: 14.217 GC heap after
{Heap after GC invocations=30 (full 2):
 PSYoungGen      total 22016K, used 3524K [0x00000000d5580000, 0x00000000d6f80000, 0x0000000100000000)
  eden space 18432K, 0% used [0x00000000d5580000,0x00000000d5580000,0x00000000d6780000)
  from space 3584K, 98% used [0x00000000d6c00000,0x00000000d6f713d8,0x00000000d6f80000)
  to   space 4096K, 0% used [0x00000000d6780000,0x00000000d6780000,0x00000000d6b80000)
 ParOldGen       total 68608K, used 39457K [0x0000000080000000, 0x0000000084300000, 0x00000000d5580000)
  object space 68608K, 57% used [0x0000000080000000,0x00000000826884b0,0x0000000084300000)
 Metaspace       used 53318K, committed 54528K, reserved 1114112K
  class space    used 5828K, committed 6336K, reserved 1048576K
}
Event: 14.888 GC heap before
{Heap before GC invocations=31 (full 2):
 PSYoungGen      total 22016K, used 21956K [0x00000000d5580000, 0x00000000d6f80000, 0x0000000100000000)
  eden space 18432K, 100% used [0x00000000d5580000,0x00000000d6780000,0x00000000d6780000)
  from space 3584K, 98% used [0x00000000d6c00000,0x00000000d6f713d8,0x00000000d6f80000)
  to   space 4096K, 0% used [0x00000000d6780000,0x00000000d6780000,0x00000000d6b80000)
 ParOldGen       total 68608K, used 39457K [0x0000000080000000, 0x0000000084300000, 0x00000000d5580000)
  object space 68608K, 57% used [0x0000000080000000,0x00000000826884b0,0x0000000084300000)
 Metaspace       used 54781K, committed 56000K, reserved 1114112K
  class space    used 6023K, committed 6528K, reserved 1048576K
}
Event: 14.891 GC heap after
{Heap after GC invocations=31 (full 2):
 PSYoungGen      total 19456K, used 820K [0x00000000d5580000, 0x00000000d6c80000, 0x0000000100000000)
  eden space 18432K, 0% used [0x00000000d5580000,0x00000000d5580000,0x00000000d6780000)
  from space 1024K, 80% used [0x00000000d6780000,0x00000000d684d3e8,0x00000000d6880000)
  to   space 2048K, 0% used [0x00000000d6a80000,0x00000000d6a80000,0x00000000d6c80000)
 ParOldGen       total 68608K, used 42803K [0x0000000080000000, 0x0000000084300000, 0x00000000d5580000)
  object space 68608K, 62% used [0x0000000080000000,0x00000000829cccd0,0x0000000084300000)
 Metaspace       used 54781K, committed 56000K, reserved 1114112K
  class space    used 6023K, committed 6528K, reserved 1048576K
}
Event: 15.434 GC heap before
{Heap before GC invocations=32 (full 2):
 PSYoungGen      total 19456K, used 19252K [0x00000000d5580000, 0x00000000d6c80000, 0x0000000100000000)
  eden space 18432K, 100% used [0x00000000d5580000,0x00000000d6780000,0x00000000d6780000)
  from space 1024K, 80% used [0x00000000d6780000,0x00000000d684d3e8,0x00000000d6880000)
  to   space 2048K, 0% used [0x00000000d6a80000,0x00000000d6a80000,0x00000000d6c80000)
 ParOldGen       total 68608K, used 42803K [0x0000000080000000, 0x0000000084300000, 0x00000000d5580000)
  object space 68608K, 62% used [0x0000000080000000,0x00000000829cccd0,0x0000000084300000)
 Metaspace       used 55808K, committed 56960K, reserved 1114112K
  class space    used 6125K, committed 6592K, reserved 1048576K
}
Event: 15.436 GC heap after
{Heap after GC invocations=32 (full 2):
 PSYoungGen      total 18944K, used 448K [0x00000000d5580000, 0x00000000d6b00000, 0x0000000100000000)
  eden space 18432K, 0% used [0x00000000d5580000,0x00000000d5580000,0x00000000d6780000)
  from space 512K, 87% used [0x00000000d6a80000,0x00000000d6af0000,0x00000000d6b00000)
  to   space 1024K, 0% used [0x00000000d6900000,0x00000000d6900000,0x00000000d6a00000)
 ParOldGen       total 68608K, used 43446K [0x0000000080000000, 0x0000000084300000, 0x00000000d5580000)
  object space 68608K, 63% used [0x0000000080000000,0x0000000082a6d8d8,0x0000000084300000)
 Metaspace       used 55808K, committed 56960K, reserved 1114112K
  class space    used 6125K, committed 6592K, reserved 1048576K
}
Event: 15.602 GC heap before
{Heap before GC invocations=33 (full 2):
 PSYoungGen      total 18944K, used 18861K [0x00000000d5580000, 0x00000000d6b00000, 0x0000000100000000)
  eden space 18432K, 99% used [0x00000000d5580000,0x00000000d677b650,0x00000000d6780000)
  from space 512K, 87% used [0x00000000d6a80000,0x00000000d6af0000,0x00000000d6b00000)
  to   space 1024K, 0% used [0x00000000d6900000,0x00000000d6900000,0x00000000d6a00000)
 ParOldGen       total 68608K, used 43446K [0x0000000080000000, 0x0000000084300000, 0x00000000d5580000)
  object space 68608K, 63% used [0x0000000080000000,0x0000000082a6d8d8,0x0000000084300000)
 Metaspace       used 56681K, committed 57920K, reserved 1114112K
  class space    used 6168K, committed 6656K, reserved 1048576K
}
Event: 15.604 GC heap after
{Heap after GC invocations=33 (full 2):
 PSYoungGen      total 19456K, used 1007K [0x00000000d5580000, 0x00000000d6b80000, 0x0000000100000000)
  eden space 18432K, 0% used [0x00000000d5580000,0x00000000d5580000,0x00000000d6780000)
  from space 1024K, 98% used [0x00000000d6900000,0x00000000d69fbfb8,0x00000000d6a00000)
  to   space 1536K, 0% used [0x00000000d6a00000,0x00000000d6a00000,0x00000000d6b80000)
 ParOldGen       total 68608K, used 44026K [0x0000000080000000, 0x0000000084300000, 0x00000000d5580000)
  object space 68608K, 64% used [0x0000000080000000,0x0000000082afe848,0x0000000084300000)
 Metaspace       used 56681K, committed 57920K, reserved 1114112K
  class space    used 6168K, committed 6656K, reserved 1048576K
}
Event: 15.639 GC heap before
{Heap before GC invocations=34 (full 2):
 PSYoungGen      total 19456K, used 19439K [0x00000000d5580000, 0x00000000d6b80000, 0x0000000100000000)
  eden space 18432K, 100% used [0x00000000d5580000,0x00000000d6780000,0x00000000d6780000)
  from space 1024K, 98% used [0x00000000d6900000,0x00000000d69fbfb8,0x00000000d6a00000)
  to   space 1536K, 0% used [0x00000000d6a00000,0x00000000d6a00000,0x00000000d6b80000)
 ParOldGen       total 68608K, used 44026K [0x0000000080000000, 0x0000000084300000, 0x00000000d5580000)
  object space 68608K, 64% used [0x0000000080000000,0x0000000082afe848,0x0000000084300000)
 Metaspace       used 56691K, committed 57920K, reserved 1114112K
  class space    used 6168K, committed 6656K, reserved 1048576K
}
Event: 15.640 GC heap after
{Heap after GC invocations=34 (full 2):
 PSYoungGen      total 19968K, used 1304K [0x00000000d5580000, 0x00000000d6b80000, 0x0000000100000000)
  eden space 18432K, 0% used [0x00000000d5580000,0x00000000d5580000,0x00000000d6780000)
  from space 1536K, 84% used [0x00000000d6a00000,0x00000000d6b463d0,0x00000000d6b80000)
  to   space 1536K, 0% used [0x00000000d6880000,0x00000000d6880000,0x00000000d6a00000)
 ParOldGen       total 68608K, used 44701K [0x0000000080000000, 0x0000000084300000, 0x00000000d5580000)
  object space 68608K, 65% used [0x0000000080000000,0x0000000082ba7570,0x0000000084300000)
 Metaspace       used 56691K, committed 57920K, reserved 1114112K
  class space    used 6168K, committed 6656K, reserved 1048576K
}
Event: 15.943 GC heap before
{Heap before GC invocations=35 (full 2):
 PSYoungGen      total 19968K, used 17302K [0x00000000d5580000, 0x00000000d6b80000, 0x0000000100000000)
  eden space 18432K, 86% used [0x00000000d5580000,0x00000000d651f748,0x00000000d6780000)
  from space 1536K, 84% used [0x00000000d6a00000,0x00000000d6b463d0,0x00000000d6b80000)
  to   space 1536K, 0% used [0x00000000d6880000,0x00000000d6880000,0x00000000d6a00000)
 ParOldGen       total 68608K, used 44701K [0x0000000080000000, 0x0000000084300000, 0x00000000d5580000)
  object space 68608K, 65% used [0x0000000080000000,0x0000000082ba7570,0x0000000084300000)
 Metaspace       used 58600K, committed 59776K, reserved 1114112K
  class space    used 6361K, committed 6848K, reserved 1048576K
}
Event: 15.945 GC heap after
{Heap after GC invocations=35 (full 2):
 PSYoungGen      total 19456K, used 568K [0x00000000d5580000, 0x00000000d6a80000, 0x0000000100000000)
  eden space 18432K, 0% used [0x00000000d5580000,0x00000000d5580000,0x00000000d6780000)
  from space 1024K, 55% used [0x00000000d6880000,0x00000000d690e1a8,0x00000000d6980000)
  to   space 1024K, 0% used [0x00000000d6980000,0x00000000d6980000,0x00000000d6a80000)
 ParOldGen       total 68608K, used 44725K [0x0000000080000000, 0x0000000084300000, 0x00000000d5580000)
  object space 68608K, 65% used [0x0000000080000000,0x0000000082bad570,0x0000000084300000)
 Metaspace       used 58600K, committed 59776K, reserved 1114112K
  class space    used 6361K, committed 6848K, reserved 1048576K
}
Event: 15.945 GC heap before
{Heap before GC invocations=36 (full 3):
 PSYoungGen      total 19456K, used 568K [0x00000000d5580000, 0x00000000d6a80000, 0x0000000100000000)
  eden space 18432K, 0% used [0x00000000d5580000,0x00000000d5580000,0x00000000d6780000)
  from space 1024K, 55% used [0x00000000d6880000,0x00000000d690e1a8,0x00000000d6980000)
  to   space 1024K, 0% used [0x00000000d6980000,0x00000000d6980000,0x00000000d6a80000)
 ParOldGen       total 68608K, used 44725K [0x0000000080000000, 0x0000000084300000, 0x00000000d5580000)
  object space 68608K, 65% used [0x0000000080000000,0x0000000082bad570,0x0000000084300000)
 Metaspace       used 58600K, committed 59776K, reserved 1114112K
  class space    used 6361K, committed 6848K, reserved 1048576K
}

